<?xml version="1.0" encoding="UTF-8" ?>
<testsuites errors="0"
            failures="2"
            tests="1">

  <testsuite name="nightwatch"
    errors="0" failures="2" hostname="" id="" package="nightwatch" skipped="3"
    tests="1" time="0.1120" timestamp="">
  
    <testcase name="startHomepage" classname="nightwatch" time="0.1120" assertions="1">  <failure message="Cannot read properties of undefined (reading &#39;navigate&#39;)">TypeError: Cannot read properties of undefined (reading &#39;navigate&#39;)
    at DescribeInstance.&lt;anonymous&gt; (/Users/aakoch/projects/adamkoch.com/tests/system/nightwatch.js:15:19)</failure>
<system-out>[[ATTACHMENT|/Users/aakoch/projects/adamkoch.com/screens/nightwatch/startHomepage_FAILED_Sep-18-2021-164245-GMT-0500.png]]</system-out>
    
    </testcase>
  

  
    <system-err>
        TypeError: browser.page.home is not a function
   - verify if page objects are setup correctly, check &#34;page_objects_path&#34; in your config
       at DescribeInstance.&lt;anonymous&gt; (/Users/aakoch/projects/adamkoch.com/tests/system/nightwatch.js:11:34)
       at new Promise (&lt;anonymous&gt;)
    </system-err>
  

    

  
    
    <testcase
      name="Ensure blog posts feather can be clicked" classname="nightwatch">
      <skipped />
    </testcase>
    
    <testcase
      name="Go to posts page" classname="nightwatch">
      <skipped />
    </testcase>
    
    <testcase
      name="Scroll down" classname="nightwatch">
      <skipped />
    </testcase>
    
  
  </testsuite>
</testsuites>
